{
  "uid" : "96ba4144409c537",
  "name" : "test_01",
  "fullName" : "tests.Sanity.SanityTest.test_01",
  "historyId" : "bea57a989a19914cd7991365afa6a5c9",
  "time" : {
    "start" : 1643461958502,
    "stop" : 1643461958505,
    "duration" : 3
  },
  "description" : "Verify login with different Credentials",
  "descriptionHtml" : "<p>Verify login with different Credentials</p>\n",
  "status" : "skipped",
  "statusMessage" : "session not created\nfrom timeout: Timed out receiving message from renderer: 600.000\n  (Session info: chrome=97.0.4692.99)\nBuild info: version: '3.141.59', revision: 'e82be7d358', time: '2018-11-14T08:17:03'\nSystem info: host: 'ADMINER', ip: '192.168.1.148', os.name: 'Windows 10', os.arch: 'amd64', os.version: '10.0', java.version: '1.8.0_311'\nDriver info: driver.version: ChromeDriver\nremote stacktrace: Backtrace:\n\tOrdinal0 [0x00CFFDC3+2555331]\n\tOrdinal0 [0x00C977F1+2127857]\n\tOrdinal0 [0x00B92E08+1060360]\n\tOrdinal0 [0x00B853A8+1004456]\n\tOrdinal0 [0x00B843FA+1000442]\n\tOrdinal0 [0x00B846B6+1001142]\n\tOrdinal0 [0x00B83F95+999317]\n\tOrdinal0 [0x00B8EEA4+1044132]\n\tOrdinal0 [0x00B83F45+999237]\n\tOrdinal0 [0x00B84E85+1003141]\n\tOrdinal0 [0x00B843FA+1000442]\n\tOrdinal0 [0x00B846B6+1001142]\n\tOrdinal0 [0x00B83F95+999317]\n\tOrdinal0 [0x00B8CEA3+1035939]\n\tOrdinal0 [0x00B83F45+999237]\n\tOrdinal0 [0x00B84E85+1003141]\n\tOrdinal0 [0x00B843FA+1000442]\n\tOrdinal0 [0x00B846B6+1001142]\n\tOrdinal0 [0x00B83F95+999317]\n\tOrdinal0 [0x00B8ACA9+1027241]\n\tOrdinal0 [0x00B83F45+999237]\n\tOrdinal0 [0x00B84E85+1003141]\n\tOrdinal0 [0x00B843FA+1000442]\n\tOrdinal0 [0x00B846B6+1001142]\n\tOrdinal0 [0x00B83F95+999317]\n\tOrdinal0 [0x00B8A02C+1024044]\n\tOrdinal0 [0x00B83F45+999237]\n\tOrdinal0 [0x00B84E85+1003141]\n\tOrdinal0 [0x00B843FA+1000442]\n\tOrdinal0 [0x00B846B6+1001142]\n\tOrdinal0 [0x00B83F95+999317]\n\tOrdinal0 [0x00B7FA8D+981645]\n\tOrdinal0 [0x00B83F45+999237]\n\tOrdinal0 [0x00B83CD0+998608]\n\tOrdinal0 [0x00B83A19+997913]\n\tOrdinal0 [0x00B94040+1065024]\n\tOrdinal0 [0x00BDD27B+1364603]\n\tOrdinal0 [0x00BDBE9A+1359514]\n\tOrdinal0 [0x00BD7976+1341814]\n\tOrdinal0 [0x00BB36B6+1193654]\n\tOrdinal0 [0x00BB4546+1197382]\n\tGetHandleVerifier [0x00E99622+1619522]\n\tGetHandleVerifier [0x00F4882C+2336844]\n\tGetHandleVerifier [0x00D923E1+541697]\n\tGetHandleVerifier [0x00D91443+537699]\n\tOrdinal0 [0x00C9D18E+2150798]\n\tOrdinal0 [0x00CA1518+2168088]\n\tOrdinal0 [0x00CA1660+2168416]\n\tOrdinal0 [0x00CAB330+2208560]\n\tBaseThreadInitThunk [0x75A8FA29+25]\n\tRtlGetAppContainerNamedObjectPath [0x76EC7A9E+286]\n\tRtlGetAppContainerNamedObjectPath [0x76EC7A6E+238]\n",
  "statusTrace" : "org.openqa.selenium.SessionNotCreatedException: session not created\nfrom timeout: Timed out receiving message from renderer: 600.000\n  (Session info: chrome=97.0.4692.99)\nBuild info: version: '3.141.59', revision: 'e82be7d358', time: '2018-11-14T08:17:03'\nSystem info: host: 'ADMINER', ip: '192.168.1.148', os.name: 'Windows 10', os.arch: 'amd64', os.version: '10.0', java.version: '1.8.0_311'\nDriver info: driver.version: ChromeDriver\nremote stacktrace: Backtrace:\n\tOrdinal0 [0x00CFFDC3+2555331]\n\tOrdinal0 [0x00C977F1+2127857]\n\tOrdinal0 [0x00B92E08+1060360]\n\tOrdinal0 [0x00B853A8+1004456]\n\tOrdinal0 [0x00B843FA+1000442]\n\tOrdinal0 [0x00B846B6+1001142]\n\tOrdinal0 [0x00B83F95+999317]\n\tOrdinal0 [0x00B8EEA4+1044132]\n\tOrdinal0 [0x00B83F45+999237]\n\tOrdinal0 [0x00B84E85+1003141]\n\tOrdinal0 [0x00B843FA+1000442]\n\tOrdinal0 [0x00B846B6+1001142]\n\tOrdinal0 [0x00B83F95+999317]\n\tOrdinal0 [0x00B8CEA3+1035939]\n\tOrdinal0 [0x00B83F45+999237]\n\tOrdinal0 [0x00B84E85+1003141]\n\tOrdinal0 [0x00B843FA+1000442]\n\tOrdinal0 [0x00B846B6+1001142]\n\tOrdinal0 [0x00B83F95+999317]\n\tOrdinal0 [0x00B8ACA9+1027241]\n\tOrdinal0 [0x00B83F45+999237]\n\tOrdinal0 [0x00B84E85+1003141]\n\tOrdinal0 [0x00B843FA+1000442]\n\tOrdinal0 [0x00B846B6+1001142]\n\tOrdinal0 [0x00B83F95+999317]\n\tOrdinal0 [0x00B8A02C+1024044]\n\tOrdinal0 [0x00B83F45+999237]\n\tOrdinal0 [0x00B84E85+1003141]\n\tOrdinal0 [0x00B843FA+1000442]\n\tOrdinal0 [0x00B846B6+1001142]\n\tOrdinal0 [0x00B83F95+999317]\n\tOrdinal0 [0x00B7FA8D+981645]\n\tOrdinal0 [0x00B83F45+999237]\n\tOrdinal0 [0x00B83CD0+998608]\n\tOrdinal0 [0x00B83A19+997913]\n\tOrdinal0 [0x00B94040+1065024]\n\tOrdinal0 [0x00BDD27B+1364603]\n\tOrdinal0 [0x00BDBE9A+1359514]\n\tOrdinal0 [0x00BD7976+1341814]\n\tOrdinal0 [0x00BB36B6+1193654]\n\tOrdinal0 [0x00BB4546+1197382]\n\tGetHandleVerifier [0x00E99622+1619522]\n\tGetHandleVerifier [0x00F4882C+2336844]\n\tGetHandleVerifier [0x00D923E1+541697]\n\tGetHandleVerifier [0x00D91443+537699]\n\tOrdinal0 [0x00C9D18E+2150798]\n\tOrdinal0 [0x00CA1518+2168088]\n\tOrdinal0 [0x00CA1660+2168416]\n\tOrdinal0 [0x00CAB330+2208560]\n\tBaseThreadInitThunk [0x75A8FA29+25]\n\tRtlGetAppContainerNamedObjectPath [0x76EC7A9E+286]\n\tRtlGetAppContainerNamedObjectPath [0x76EC7A6E+238]\n\r\n\tat sun.reflect.NativeConstructorAccessorImpl.newInstance0(Native Method)\r\n\tat sun.reflect.NativeConstructorAccessorImpl.newInstance(NativeConstructorAccessorImpl.java:62)\r\n\tat sun.reflect.DelegatingConstructorAccessorImpl.newInstance(DelegatingConstructorAccessorImpl.java:45)\r\n\tat java.lang.reflect.Constructor.newInstance(Constructor.java:423)\r\n\tat org.openqa.selenium.remote.W3CHandshakeResponse.lambda$errorHandler$0(W3CHandshakeResponse.java:62)\r\n\tat org.openqa.selenium.remote.HandshakeResponse.lambda$getResponseFunction$0(HandshakeResponse.java:30)\r\n\tat org.openqa.selenium.remote.ProtocolHandshake.lambda$createSession$0(ProtocolHandshake.java:126)\r\n\tat java.util.stream.ReferencePipeline$3$1.accept(ReferencePipeline.java:193)\r\n\tat java.util.Spliterators$ArraySpliterator.tryAdvance(Spliterators.java:958)\r\n\tat java.util.stream.ReferencePipeline.forEachWithCancel(ReferencePipeline.java:126)\r\n\tat java.util.stream.AbstractPipeline.copyIntoWithCancel(AbstractPipeline.java:499)\r\n\tat java.util.stream.AbstractPipeline.copyInto(AbstractPipeline.java:486)\r\n\tat java.util.stream.AbstractPipeline.wrapAndCopyInto(AbstractPipeline.java:472)\r\n\tat java.util.stream.FindOps$FindOp.evaluateSequential(FindOps.java:152)\r\n\tat java.util.stream.AbstractPipeline.evaluate(AbstractPipeline.java:234)\r\n\tat java.util.stream.ReferencePipeline.findFirst(ReferencePipeline.java:464)\r\n\tat org.openqa.selenium.remote.ProtocolHandshake.createSession(ProtocolHandshake.java:128)\r\n\tat org.openqa.selenium.remote.ProtocolHandshake.createSession(ProtocolHandshake.java:74)\r\n\tat org.openqa.selenium.remote.HttpCommandExecutor.execute(HttpCommandExecutor.java:136)\r\n\tat org.openqa.selenium.remote.service.DriverCommandExecutor.execute(DriverCommandExecutor.java:83)\r\n\tat org.openqa.selenium.remote.RemoteWebDriver.execute(RemoteWebDriver.java:552)\r\n\tat org.openqa.selenium.remote.RemoteWebDriver.startSession(RemoteWebDriver.java:213)\r\n\tat org.openqa.selenium.remote.RemoteWebDriver.<init>(RemoteWebDriver.java:131)\r\n\tat org.openqa.selenium.chrome.ChromeDriver.<init>(ChromeDriver.java:181)\r\n\tat org.openqa.selenium.chrome.ChromeDriver.<init>(ChromeDriver.java:168)\r\n\tat org.openqa.selenium.chrome.ChromeDriver.<init>(ChromeDriver.java:123)\r\n\tat tests.BaseTest.setUp(BaseTest.java:25)\r\n\tat sun.reflect.NativeMethodAccessorImpl.invoke0(Native Method)\r\n\tat sun.reflect.NativeMethodAccessorImpl.invoke(NativeMethodAccessorImpl.java:62)\r\n\tat sun.reflect.DelegatingMethodAccessorImpl.invoke(DelegatingMethodAccessorImpl.java:43)\r\n\tat java.lang.reflect.Method.invoke(Method.java:498)\r\n\tat org.testng.internal.MethodInvocationHelper.invokeMethod(MethodInvocationHelper.java:133)\r\n\tat org.testng.internal.MethodInvocationHelper.invokeMethodConsideringTimeout(MethodInvocationHelper.java:62)\r\n\tat org.testng.internal.ConfigInvoker.invokeConfigurationMethod(ConfigInvoker.java:385)\r\n\tat org.testng.internal.ConfigInvoker.invokeConfigurations(ConfigInvoker.java:321)\r\n\tat org.testng.internal.TestInvoker.runConfigMethods(TestInvoker.java:700)\r\n\tat org.testng.internal.TestInvoker.invokeMethod(TestInvoker.java:527)\r\n\tat org.testng.internal.TestInvoker.invokeTestMethod(TestInvoker.java:173)\r\n\tat org.testng.internal.MethodRunner.runInSequence(MethodRunner.java:46)\r\n\tat org.testng.internal.TestInvoker$MethodInvocationAgent.invoke(TestInvoker.java:824)\r\n\tat org.testng.internal.TestInvoker.invokeTestMethods(TestInvoker.java:146)\r\n\tat org.testng.internal.TestMethodWorker.invokeTestMethods(TestMethodWorker.java:146)\r\n\tat org.testng.internal.TestMethodWorker.run(TestMethodWorker.java:128)\r\n\tat java.util.ArrayList.forEach(ArrayList.java:1259)\r\n\tat org.testng.TestRunner.privateRun(TestRunner.java:794)\r\n\tat org.testng.TestRunner.run(TestRunner.java:596)\r\n\tat org.testng.SuiteRunner.runTest(SuiteRunner.java:377)\r\n\tat org.testng.SuiteRunner.runSequentially(SuiteRunner.java:371)\r\n\tat org.testng.SuiteRunner.privateRun(SuiteRunner.java:332)\r\n\tat org.testng.SuiteRunner.run(SuiteRunner.java:276)\r\n\tat org.testng.SuiteRunnerWorker.runSuite(SuiteRunnerWorker.java:53)\r\n\tat org.testng.SuiteRunnerWorker.run(SuiteRunnerWorker.java:96)\r\n\tat org.testng.TestNG.runSuitesSequentially(TestNG.java:1212)\r\n\tat org.testng.TestNG.runSuitesLocally(TestNG.java:1134)\r\n\tat org.testng.TestNG.runSuites(TestNG.java:1063)\r\n\tat org.testng.TestNG.run(TestNG.java:1031)\r\n\tat org.apache.maven.surefire.testng.TestNGExecutor.run(TestNGExecutor.java:284)\r\n\tat org.apache.maven.surefire.testng.TestNGXmlTestSuite.execute(TestNGXmlTestSuite.java:75)\r\n\tat org.apache.maven.surefire.testng.TestNGProvider.invoke(TestNGProvider.java:119)\r\n\tat org.apache.maven.surefire.booter.ForkedBooter.runSuitesInProcess(ForkedBooter.java:428)\r\n\tat org.apache.maven.surefire.booter.ForkedBooter.execute(ForkedBooter.java:162)\r\n\tat org.apache.maven.surefire.booter.ForkedBooter.run(ForkedBooter.java:562)\r\n\tat org.apache.maven.surefire.booter.ForkedBooter.main(ForkedBooter.java:548)\r\n",
  "flaky" : false,
  "newFailed" : false,
  "beforeStages" : [ {
    "name" : "setupChromeDriver",
    "time" : {
      "start" : 1643461329970,
      "stop" : 1643461331774,
      "duration" : 1804
    },
    "description" : "",
    "status" : "passed",
    "steps" : [ ],
    "attachments" : [ ],
    "parameters" : [ ],
    "stepsCount" : 0,
    "hasContent" : false,
    "attachmentsCount" : 0,
    "shouldDisplayMessage" : false
  }, {
    "name" : "setUp",
    "time" : {
      "start" : 1643461331812,
      "stop" : 1643461958270,
      "duration" : 626458
    },
    "description" : "",
    "status" : "broken",
    "statusMessage" : "session not created\nfrom timeout: Timed out receiving message from renderer: 600.000\n  (Session info: chrome=97.0.4692.99)\nBuild info: version: '3.141.59', revision: 'e82be7d358', time: '2018-11-14T08:17:03'\nSystem info: host: 'ADMINER', ip: '192.168.1.148', os.name: 'Windows 10', os.arch: 'amd64', os.version: '10.0', java.version: '1.8.0_311'\nDriver info: driver.version: ChromeDriver\nremote stacktrace: Backtrace:\n\tOrdinal0 [0x00CFFDC3+2555331]\n\tOrdinal0 [0x00C977F1+2127857]\n\tOrdinal0 [0x00B92E08+1060360]\n\tOrdinal0 [0x00B853A8+1004456]\n\tOrdinal0 [0x00B843FA+1000442]\n\tOrdinal0 [0x00B846B6+1001142]\n\tOrdinal0 [0x00B83F95+999317]\n\tOrdinal0 [0x00B8EEA4+1044132]\n\tOrdinal0 [0x00B83F45+999237]\n\tOrdinal0 [0x00B84E85+1003141]\n\tOrdinal0 [0x00B843FA+1000442]\n\tOrdinal0 [0x00B846B6+1001142]\n\tOrdinal0 [0x00B83F95+999317]\n\tOrdinal0 [0x00B8CEA3+1035939]\n\tOrdinal0 [0x00B83F45+999237]\n\tOrdinal0 [0x00B84E85+1003141]\n\tOrdinal0 [0x00B843FA+1000442]\n\tOrdinal0 [0x00B846B6+1001142]\n\tOrdinal0 [0x00B83F95+999317]\n\tOrdinal0 [0x00B8ACA9+1027241]\n\tOrdinal0 [0x00B83F45+999237]\n\tOrdinal0 [0x00B84E85+1003141]\n\tOrdinal0 [0x00B843FA+1000442]\n\tOrdinal0 [0x00B846B6+1001142]\n\tOrdinal0 [0x00B83F95+999317]\n\tOrdinal0 [0x00B8A02C+1024044]\n\tOrdinal0 [0x00B83F45+999237]\n\tOrdinal0 [0x00B84E85+1003141]\n\tOrdinal0 [0x00B843FA+1000442]\n\tOrdinal0 [0x00B846B6+1001142]\n\tOrdinal0 [0x00B83F95+999317]\n\tOrdinal0 [0x00B7FA8D+981645]\n\tOrdinal0 [0x00B83F45+999237]\n\tOrdinal0 [0x00B83CD0+998608]\n\tOrdinal0 [0x00B83A19+997913]\n\tOrdinal0 [0x00B94040+1065024]\n\tOrdinal0 [0x00BDD27B+1364603]\n\tOrdinal0 [0x00BDBE9A+1359514]\n\tOrdinal0 [0x00BD7976+1341814]\n\tOrdinal0 [0x00BB36B6+1193654]\n\tOrdinal0 [0x00BB4546+1197382]\n\tGetHandleVerifier [0x00E99622+1619522]\n\tGetHandleVerifier [0x00F4882C+2336844]\n\tGetHandleVerifier [0x00D923E1+541697]\n\tGetHandleVerifier [0x00D91443+537699]\n\tOrdinal0 [0x00C9D18E+2150798]\n\tOrdinal0 [0x00CA1518+2168088]\n\tOrdinal0 [0x00CA1660+2168416]\n\tOrdinal0 [0x00CAB330+2208560]\n\tBaseThreadInitThunk [0x75A8FA29+25]\n\tRtlGetAppContainerNamedObjectPath [0x76EC7A9E+286]\n\tRtlGetAppContainerNamedObjectPath [0x76EC7A6E+238]\n",
    "statusTrace" : "org.openqa.selenium.SessionNotCreatedException: session not created\nfrom timeout: Timed out receiving message from renderer: 600.000\n  (Session info: chrome=97.0.4692.99)\nBuild info: version: '3.141.59', revision: 'e82be7d358', time: '2018-11-14T08:17:03'\nSystem info: host: 'ADMINER', ip: '192.168.1.148', os.name: 'Windows 10', os.arch: 'amd64', os.version: '10.0', java.version: '1.8.0_311'\nDriver info: driver.version: ChromeDriver\nremote stacktrace: Backtrace:\n\tOrdinal0 [0x00CFFDC3+2555331]\n\tOrdinal0 [0x00C977F1+2127857]\n\tOrdinal0 [0x00B92E08+1060360]\n\tOrdinal0 [0x00B853A8+1004456]\n\tOrdinal0 [0x00B843FA+1000442]\n\tOrdinal0 [0x00B846B6+1001142]\n\tOrdinal0 [0x00B83F95+999317]\n\tOrdinal0 [0x00B8EEA4+1044132]\n\tOrdinal0 [0x00B83F45+999237]\n\tOrdinal0 [0x00B84E85+1003141]\n\tOrdinal0 [0x00B843FA+1000442]\n\tOrdinal0 [0x00B846B6+1001142]\n\tOrdinal0 [0x00B83F95+999317]\n\tOrdinal0 [0x00B8CEA3+1035939]\n\tOrdinal0 [0x00B83F45+999237]\n\tOrdinal0 [0x00B84E85+1003141]\n\tOrdinal0 [0x00B843FA+1000442]\n\tOrdinal0 [0x00B846B6+1001142]\n\tOrdinal0 [0x00B83F95+999317]\n\tOrdinal0 [0x00B8ACA9+1027241]\n\tOrdinal0 [0x00B83F45+999237]\n\tOrdinal0 [0x00B84E85+1003141]\n\tOrdinal0 [0x00B843FA+1000442]\n\tOrdinal0 [0x00B846B6+1001142]\n\tOrdinal0 [0x00B83F95+999317]\n\tOrdinal0 [0x00B8A02C+1024044]\n\tOrdinal0 [0x00B83F45+999237]\n\tOrdinal0 [0x00B84E85+1003141]\n\tOrdinal0 [0x00B843FA+1000442]\n\tOrdinal0 [0x00B846B6+1001142]\n\tOrdinal0 [0x00B83F95+999317]\n\tOrdinal0 [0x00B7FA8D+981645]\n\tOrdinal0 [0x00B83F45+999237]\n\tOrdinal0 [0x00B83CD0+998608]\n\tOrdinal0 [0x00B83A19+997913]\n\tOrdinal0 [0x00B94040+1065024]\n\tOrdinal0 [0x00BDD27B+1364603]\n\tOrdinal0 [0x00BDBE9A+1359514]\n\tOrdinal0 [0x00BD7976+1341814]\n\tOrdinal0 [0x00BB36B6+1193654]\n\tOrdinal0 [0x00BB4546+1197382]\n\tGetHandleVerifier [0x00E99622+1619522]\n\tGetHandleVerifier [0x00F4882C+2336844]\n\tGetHandleVerifier [0x00D923E1+541697]\n\tGetHandleVerifier [0x00D91443+537699]\n\tOrdinal0 [0x00C9D18E+2150798]\n\tOrdinal0 [0x00CA1518+2168088]\n\tOrdinal0 [0x00CA1660+2168416]\n\tOrdinal0 [0x00CAB330+2208560]\n\tBaseThreadInitThunk [0x75A8FA29+25]\n\tRtlGetAppContainerNamedObjectPath [0x76EC7A9E+286]\n\tRtlGetAppContainerNamedObjectPath [0x76EC7A6E+238]\n\r\n\tat sun.reflect.NativeConstructorAccessorImpl.newInstance0(Native Method)\r\n\tat sun.reflect.NativeConstructorAccessorImpl.newInstance(NativeConstructorAccessorImpl.java:62)\r\n\tat sun.reflect.DelegatingConstructorAccessorImpl.newInstance(DelegatingConstructorAccessorImpl.java:45)\r\n\tat java.lang.reflect.Constructor.newInstance(Constructor.java:423)\r\n\tat org.openqa.selenium.remote.W3CHandshakeResponse.lambda$errorHandler$0(W3CHandshakeResponse.java:62)\r\n\tat org.openqa.selenium.remote.HandshakeResponse.lambda$getResponseFunction$0(HandshakeResponse.java:30)\r\n\tat org.openqa.selenium.remote.ProtocolHandshake.lambda$createSession$0(ProtocolHandshake.java:126)\r\n\tat java.util.stream.ReferencePipeline$3$1.accept(ReferencePipeline.java:193)\r\n\tat java.util.Spliterators$ArraySpliterator.tryAdvance(Spliterators.java:958)\r\n\tat java.util.stream.ReferencePipeline.forEachWithCancel(ReferencePipeline.java:126)\r\n\tat java.util.stream.AbstractPipeline.copyIntoWithCancel(AbstractPipeline.java:499)\r\n\tat java.util.stream.AbstractPipeline.copyInto(AbstractPipeline.java:486)\r\n\tat java.util.stream.AbstractPipeline.wrapAndCopyInto(AbstractPipeline.java:472)\r\n\tat java.util.stream.FindOps$FindOp.evaluateSequential(FindOps.java:152)\r\n\tat java.util.stream.AbstractPipeline.evaluate(AbstractPipeline.java:234)\r\n\tat java.util.stream.ReferencePipeline.findFirst(ReferencePipeline.java:464)\r\n\tat org.openqa.selenium.remote.ProtocolHandshake.createSession(ProtocolHandshake.java:128)\r\n\tat org.openqa.selenium.remote.ProtocolHandshake.createSession(ProtocolHandshake.java:74)\r\n\tat org.openqa.selenium.remote.HttpCommandExecutor.execute(HttpCommandExecutor.java:136)\r\n\tat org.openqa.selenium.remote.service.DriverCommandExecutor.execute(DriverCommandExecutor.java:83)\r\n\tat org.openqa.selenium.remote.RemoteWebDriver.execute(RemoteWebDriver.java:552)\r\n\tat org.openqa.selenium.remote.RemoteWebDriver.startSession(RemoteWebDriver.java:213)\r\n\tat org.openqa.selenium.remote.RemoteWebDriver.<init>(RemoteWebDriver.java:131)\r\n\tat org.openqa.selenium.chrome.ChromeDriver.<init>(ChromeDriver.java:181)\r\n\tat org.openqa.selenium.chrome.ChromeDriver.<init>(ChromeDriver.java:168)\r\n\tat org.openqa.selenium.chrome.ChromeDriver.<init>(ChromeDriver.java:123)\r\n\tat tests.BaseTest.setUp(BaseTest.java:25)\r\n\tat sun.reflect.NativeMethodAccessorImpl.invoke0(Native Method)\r\n\tat sun.reflect.NativeMethodAccessorImpl.invoke(NativeMethodAccessorImpl.java:62)\r\n\tat sun.reflect.DelegatingMethodAccessorImpl.invoke(DelegatingMethodAccessorImpl.java:43)\r\n\tat java.lang.reflect.Method.invoke(Method.java:498)\r\n\tat org.testng.internal.MethodInvocationHelper.invokeMethod(MethodInvocationHelper.java:133)\r\n\tat org.testng.internal.MethodInvocationHelper.invokeMethodConsideringTimeout(MethodInvocationHelper.java:62)\r\n\tat org.testng.internal.ConfigInvoker.invokeConfigurationMethod(ConfigInvoker.java:385)\r\n\tat org.testng.internal.ConfigInvoker.invokeConfigurations(ConfigInvoker.java:321)\r\n\tat org.testng.internal.TestInvoker.runConfigMethods(TestInvoker.java:700)\r\n\tat org.testng.internal.TestInvoker.invokeMethod(TestInvoker.java:527)\r\n\tat org.testng.internal.TestInvoker.invokeTestMethod(TestInvoker.java:173)\r\n\tat org.testng.internal.MethodRunner.runInSequence(MethodRunner.java:46)\r\n\tat org.testng.internal.TestInvoker$MethodInvocationAgent.invoke(TestInvoker.java:824)\r\n\tat org.testng.internal.TestInvoker.invokeTestMethods(TestInvoker.java:146)\r\n\tat org.testng.internal.TestMethodWorker.invokeTestMethods(TestMethodWorker.java:146)\r\n\tat org.testng.internal.TestMethodWorker.run(TestMethodWorker.java:128)\r\n\tat java.util.ArrayList.forEach(ArrayList.java:1259)\r\n\tat org.testng.TestRunner.privateRun(TestRunner.java:794)\r\n\tat org.testng.TestRunner.run(TestRunner.java:596)\r\n\tat org.testng.SuiteRunner.runTest(SuiteRunner.java:377)\r\n\tat org.testng.SuiteRunner.runSequentially(SuiteRunner.java:371)\r\n\tat org.testng.SuiteRunner.privateRun(SuiteRunner.java:332)\r\n\tat org.testng.SuiteRunner.run(SuiteRunner.java:276)\r\n\tat org.testng.SuiteRunnerWorker.runSuite(SuiteRunnerWorker.java:53)\r\n\tat org.testng.SuiteRunnerWorker.run(SuiteRunnerWorker.java:96)\r\n\tat org.testng.TestNG.runSuitesSequentially(TestNG.java:1212)\r\n\tat org.testng.TestNG.runSuitesLocally(TestNG.java:1134)\r\n\tat org.testng.TestNG.runSuites(TestNG.java:1063)\r\n\tat org.testng.TestNG.run(TestNG.java:1031)\r\n\tat org.apache.maven.surefire.testng.TestNGExecutor.run(TestNGExecutor.java:284)\r\n\tat org.apache.maven.surefire.testng.TestNGXmlTestSuite.execute(TestNGXmlTestSuite.java:75)\r\n\tat org.apache.maven.surefire.testng.TestNGProvider.invoke(TestNGProvider.java:119)\r\n\tat org.apache.maven.surefire.booter.ForkedBooter.runSuitesInProcess(ForkedBooter.java:428)\r\n\tat org.apache.maven.surefire.booter.ForkedBooter.execute(ForkedBooter.java:162)\r\n\tat org.apache.maven.surefire.booter.ForkedBooter.run(ForkedBooter.java:562)\r\n\tat org.apache.maven.surefire.booter.ForkedBooter.main(ForkedBooter.java:548)\r\n",
    "steps" : [ ],
    "attachments" : [ ],
    "parameters" : [ ],
    "stepsCount" : 0,
    "hasContent" : true,
    "attachmentsCount" : 0,
    "shouldDisplayMessage" : true
  } ],
  "afterStages" : [ {
    "name" : "tearDown",
    "time" : {
      "start" : 1643461958512,
      "stop" : 1643461958512,
      "duration" : 0
    },
    "description" : "",
    "status" : "broken",
    "steps" : [ ],
    "attachments" : [ ],
    "parameters" : [ ],
    "stepsCount" : 0,
    "hasContent" : false,
    "attachmentsCount" : 0,
    "shouldDisplayMessage" : false
  } ],
  "labels" : [ {
    "name" : "package",
    "value" : "tests.Sanity.SanityTest"
  }, {
    "name" : "testClass",
    "value" : "tests.Sanity.SanityTest"
  }, {
    "name" : "testMethod",
    "value" : "test_01"
  }, {
    "name" : "parentSuite",
    "value" : "Sanity"
  }, {
    "name" : "suite",
    "value" : "Sanity"
  }, {
    "name" : "subSuite",
    "value" : "tests.Sanity.SanityTest"
  }, {
    "name" : "host",
    "value" : "ADMINER"
  }, {
    "name" : "thread",
    "value" : "12788@ADMINER.main(1)"
  }, {
    "name" : "framework",
    "value" : "testng"
  }, {
    "name" : "language",
    "value" : "java"
  }, {
    "name" : "epic",
    "value" : "E01"
  }, {
    "name" : "story",
    "value" : "Story:PRO-45262"
  }, {
    "name" : "feature",
    "value" : "Feature2: Login"
  }, {
    "name" : "severity",
    "value" : "minor"
  }, {
    "name" : "resultFormat",
    "value" : "allure2"
  } ],
  "parameters" : [ ],
  "links" : [ ],
  "hidden" : true,
  "retry" : true,
  "extra" : {
    "categories" : [ ],
    "tags" : [ ]
  },
  "source" : "96ba4144409c537.json",
  "parameterValues" : [ ]
}